WARNING: A restricted method in java.lang.System has been called
WARNING: java.lang.System::load has been called by net.rubygrapefruit.platform.internal.NativeLibraryLoader in an unnamed module (file:/Users/testvagrant/.gradle/wrapper/dists/gradle-8.8-bin/dl7vupf4psengwqhwktix4v1/gradle-8.8/lib/native-platform-0.22-milestone-26.jar)
WARNING: Use --enable-native-access=ALL-UNNAMED to avoid a warning for callers in this module
WARNING: Restricted methods will be blocked in a future release unless native access is enabled

Initialized native services in: /Users/testvagrant/.gradle/native
Initialized jansi services in: /Users/testvagrant/.gradle/native
Received JVM installation metadata from '/Library/Java/JavaVirtualMachines/temurin-24.jdk/Contents/Home': {JAVA_HOME=/Library/Java/JavaVirtualMachines/temurin-24.jdk/Contents/Home, JAVA_VERSION=24.0.1, JAVA_VENDOR=Eclipse Adoptium, RUNTIME_NAME=OpenJDK Runtime Environment, RUNTIME_VERSION=24.0.1+9, VM_NAME=OpenJDK 64-Bit Server VM, VM_VERSION=24.0.1+9, VM_VENDOR=Eclipse Adoptium, OS_ARCH=aarch64}
Found daemon DaemonInfo{pid=74510, address=[6fb3d6a1-46d8-48cf-9f13-0b57f149e6ee port:60444, addresses:[/127.0.0.1]], state=Idle, lastBusy=1770378691217, context=DefaultDaemonContext[uid=5b190b85-0b7e-4cda-abea-273c9c8c6f1f,javaHome=/Users/testvagrant/Library/Java/JavaVirtualMachines/corretto-17.0.16/Contents/Home,javaVersion=17,daemonRegistryDir=/Users/testvagrant/.gradle/daemon,pid=74510,idleTimeout=10800000,priority=NORMAL,applyInstrumentationAgent=true,nativeServicesMode=ENABLED,daemonOpts=--add-opens=java.base/java.util=ALL-UNNAMED,--add-opens=java.base/java.lang=ALL-UNNAMED,--add-opens=java.base/java.lang.invoke=ALL-UNNAMED,--add-opens=java.prefs/java.util.prefs=ALL-UNNAMED,--add-opens=java.base/java.nio.charset=ALL-UNNAMED,--add-opens=java.base/java.net=ALL-UNNAMED,--add-opens=java.base/java.util.concurrent.atomic=ALL-UNNAMED,-XX:MaxMetaspaceSize=384m,-XX:+HeapDumpOnOutOfMemoryError,-Xms256m,-Xmx512m,-Dfile.encoding=UTF-8,-Duser.country=US,-Duser.language=en,-Duser.variant]} however its context does not match the desired criteria.
JVM is incompatible.
Wanted: DaemonRequestContext{requestedJvm=24.0.1 (Eclipse Adoptium 24.0.1+9), jvmCriteria=null, daemonOpts=[--add-opens=java.base/java.util=ALL-UNNAMED, --add-opens=java.base/java.lang=ALL-UNNAMED, --add-opens=java.base/java.lang.invoke=ALL-UNNAMED, --add-opens=java.prefs/java.util.prefs=ALL-UNNAMED, --add-opens=java.base/java.nio.charset=ALL-UNNAMED, --add-opens=java.base/java.net=ALL-UNNAMED, --add-opens=java.base/java.util.concurrent.atomic=ALL-UNNAMED, -XX:MaxMetaspaceSize=384m, -XX:+HeapDumpOnOutOfMemoryError, -Xms256m, -Xmx512m, -Dfile.encoding=UTF-8, -Duser.country=US, -Duser.language=en, -Duser.variant], applyInstrumentationAgent=true, nativeServicesMode=ENABLED, priority=NORMAL}
Actual: DefaultDaemonContext[uid=5b190b85-0b7e-4cda-abea-273c9c8c6f1f,javaHome=/Users/testvagrant/Library/Java/JavaVirtualMachines/corretto-17.0.16/Contents/Home,javaVersion=17,daemonRegistryDir=/Users/testvagrant/.gradle/daemon,pid=74510,idleTimeout=10800000,priority=NORMAL,applyInstrumentationAgent=true,nativeServicesMode=ENABLED,daemonOpts=--add-opens=java.base/java.util=ALL-UNNAMED,--add-opens=java.base/java.lang=ALL-UNNAMED,--add-opens=java.base/java.lang.invoke=ALL-UNNAMED,--add-opens=java.prefs/java.util.prefs=ALL-UNNAMED,--add-opens=java.base/java.nio.charset=ALL-UNNAMED,--add-opens=java.base/java.net=ALL-UNNAMED,--add-opens=java.base/java.util.concurrent.atomic=ALL-UNNAMED,-XX:MaxMetaspaceSize=384m,-XX:+HeapDumpOnOutOfMemoryError,-Xms256m,-Xmx512m,-Dfile.encoding=UTF-8,-Duser.country=US,-Duser.language=en,-Duser.variant]

  Looking for a different daemon...
Found daemon DaemonInfo{pid=81351, address=[9e670025-3530-47b4-8f0a-1713eb820ed5 port:59853, addresses:[/127.0.0.1]], state=Idle, lastBusy=1770378056621, context=DefaultDaemonContext[uid=21c0d334-5e75-456d-8aa7-b13a8cdd4154,javaHome=/Users/testvagrant/.antigravity/extensions/redhat.java-1.51.0-darwin-arm64/jre/21.0.9-macosx-aarch64,javaVersion=21,daemonRegistryDir=/Users/testvagrant/.gradle/daemon,pid=81351,idleTimeout=10800000,priority=NORMAL,applyInstrumentationAgent=true,nativeServicesMode=ENABLED,daemonOpts=--add-opens=java.base/java.util=ALL-UNNAMED,--add-opens=java.base/java.lang=ALL-UNNAMED,--add-opens=java.base/java.lang.invoke=ALL-UNNAMED,--add-opens=java.prefs/java.util.prefs=ALL-UNNAMED,--add-opens=java.base/java.nio.charset=ALL-UNNAMED,--add-opens=java.base/java.net=ALL-UNNAMED,--add-opens=java.base/java.util.concurrent.atomic=ALL-UNNAMED,-XX:MaxMetaspaceSize=384m,-XX:+HeapDumpOnOutOfMemoryError,-Xms256m,-Xmx512m,-Dfile.encoding=UTF-8,-Duser.country=US,-Duser.language=en,-Duser.variant]} however its context does not match the desired criteria.
JVM is incompatible.
Wanted: DaemonRequestContext{requestedJvm=24.0.1 (Eclipse Adoptium 24.0.1+9), jvmCriteria=null, daemonOpts=[--add-opens=java.base/java.util=ALL-UNNAMED, --add-opens=java.base/java.lang=ALL-UNNAMED, --add-opens=java.base/java.lang.invoke=ALL-UNNAMED, --add-opens=java.prefs/java.util.prefs=ALL-UNNAMED, --add-opens=java.base/java.nio.charset=ALL-UNNAMED, --add-opens=java.base/java.net=ALL-UNNAMED, --add-opens=java.base/java.util.concurrent.atomic=ALL-UNNAMED, -XX:MaxMetaspaceSize=384m, -XX:+HeapDumpOnOutOfMemoryError, -Xms256m, -Xmx512m, -Dfile.encoding=UTF-8, -Duser.country=US, -Duser.language=en, -Duser.variant], applyInstrumentationAgent=true, nativeServicesMode=ENABLED, priority=NORMAL}
Actual: DefaultDaemonContext[uid=21c0d334-5e75-456d-8aa7-b13a8cdd4154,javaHome=/Users/testvagrant/.antigravity/extensions/redhat.java-1.51.0-darwin-arm64/jre/21.0.9-macosx-aarch64,javaVersion=21,daemonRegistryDir=/Users/testvagrant/.gradle/daemon,pid=81351,idleTimeout=10800000,priority=NORMAL,applyInstrumentationAgent=true,nativeServicesMode=ENABLED,daemonOpts=--add-opens=java.base/java.util=ALL-UNNAMED,--add-opens=java.base/java.lang=ALL-UNNAMED,--add-opens=java.base/java.lang.invoke=ALL-UNNAMED,--add-opens=java.prefs/java.util.prefs=ALL-UNNAMED,--add-opens=java.base/java.nio.charset=ALL-UNNAMED,--add-opens=java.base/java.net=ALL-UNNAMED,--add-opens=java.base/java.util.concurrent.atomic=ALL-UNNAMED,-XX:MaxMetaspaceSize=384m,-XX:+HeapDumpOnOutOfMemoryError,-Xms256m,-Xmx512m,-Dfile.encoding=UTF-8,-Duser.country=US,-Duser.language=en,-Duser.variant]

  Looking for a different daemon...
Found daemon DaemonInfo{pid=81364, address=[04fe1905-c085-4809-8ce4-01fa586b960f port:59878, addresses:[/127.0.0.1]], state=Idle, lastBusy=1770378062493, context=DefaultDaemonContext[uid=c98fd1eb-5732-4e63-b7df-93288b0197c9,javaHome=/Users/testvagrant/.antigravity/extensions/redhat.java-1.51.0-darwin-arm64/jre/21.0.9-macosx-aarch64,javaVersion=21,daemonRegistryDir=/Users/testvagrant/.gradle/daemon,pid=81364,idleTimeout=10800000,priority=NORMAL,applyInstrumentationAgent=true,nativeServicesMode=ENABLED,daemonOpts=--add-opens=java.base/java.util=ALL-UNNAMED,--add-opens=java.base/java.lang=ALL-UNNAMED,--add-opens=java.base/java.lang.invoke=ALL-UNNAMED,--add-opens=java.prefs/java.util.prefs=ALL-UNNAMED,--add-opens=java.base/java.nio.charset=ALL-UNNAMED,--add-opens=java.base/java.net=ALL-UNNAMED,--add-opens=java.base/java.util.concurrent.atomic=ALL-UNNAMED,-Dfile.encoding=UTF-8,-Duser.country=US,-Duser.language=en,-Duser.variant]} however its context does not match the desired criteria.
JVM is incompatible.
Wanted: DaemonRequestContext{requestedJvm=24.0.1 (Eclipse Adoptium 24.0.1+9), jvmCriteria=null, daemonOpts=[--add-opens=java.base/java.util=ALL-UNNAMED, --add-opens=java.base/java.lang=ALL-UNNAMED, --add-opens=java.base/java.lang.invoke=ALL-UNNAMED, --add-opens=java.prefs/java.util.prefs=ALL-UNNAMED, --add-opens=java.base/java.nio.charset=ALL-UNNAMED, --add-opens=java.base/java.net=ALL-UNNAMED, --add-opens=java.base/java.util.concurrent.atomic=ALL-UNNAMED, -XX:MaxMetaspaceSize=384m, -XX:+HeapDumpOnOutOfMemoryError, -Xms256m, -Xmx512m, -Dfile.encoding=UTF-8, -Duser.country=US, -Duser.language=en, -Duser.variant], applyInstrumentationAgent=true, nativeServicesMode=ENABLED, priority=NORMAL}
Actual: DefaultDaemonContext[uid=c98fd1eb-5732-4e63-b7df-93288b0197c9,javaHome=/Users/testvagrant/.antigravity/extensions/redhat.java-1.51.0-darwin-arm64/jre/21.0.9-macosx-aarch64,javaVersion=21,daemonRegistryDir=/Users/testvagrant/.gradle/daemon,pid=81364,idleTimeout=10800000,priority=NORMAL,applyInstrumentationAgent=true,nativeServicesMode=ENABLED,daemonOpts=--add-opens=java.base/java.util=ALL-UNNAMED,--add-opens=java.base/java.lang=ALL-UNNAMED,--add-opens=java.base/java.lang.invoke=ALL-UNNAMED,--add-opens=java.prefs/java.util.prefs=ALL-UNNAMED,--add-opens=java.base/java.nio.charset=ALL-UNNAMED,--add-opens=java.base/java.net=ALL-UNNAMED,--add-opens=java.base/java.util.concurrent.atomic=ALL-UNNAMED,-Dfile.encoding=UTF-8,-Duser.country=US,-Duser.language=en,-Duser.variant]

  Looking for a different daemon...
The client will now receive all logging from the daemon (pid: 81817). The daemon log file: /Users/testvagrant/.gradle/daemon/8.8/daemon-81817.out.log
Starting 8th build in daemon [uptime: 9 mins 29.067 secs, performance: 100%, GC rate: 0.00/s, heap usage: 4% of 512 MiB, non-heap usage: 17% of 384 MiB]
Using 8 worker leases.
Now considering [/Users/testvagrant/Documents/ReqRes] as hierarchies to watch
Watching the file system is configured to be enabled if available
File system watching is active
Starting Build
Settings evaluated using settings file '/Users/testvagrant/Documents/ReqRes/settings.gradle'.
Projects loaded. Root project using build file '/Users/testvagrant/Documents/ReqRes/build.gradle'.
Included projects: [root project 'ReqRes']

> Configure project :
Evaluating root project 'ReqRes' using build file '/Users/testvagrant/Documents/ReqRes/build.gradle'.
All projects evaluated.
Task name matched 'clean'
Task name matched 'test'
Selected primary task 'clean' from project :
Selected primary task 'test' from project :
Tasks to be executed: [task ':clean', task ':compileJava', task ':processResources', task ':classes', task ':compileTestJava', task ':processTestResources', task ':testClasses', task ':test']
Tasks that were excluded: []
Resolve mutations for :clean (Thread[#416,Execution worker,5,main]) started.
:clean (Thread[#416,Execution worker,5,main]) started.
destroyer locations for task group 0 (Thread[#415,included builds,5,main]) started.

> Task :clean
Caching disabled for task ':clean' because:
  Build cache is disabled
Task ':clean' is not up-to-date because:
  Task has not declared any outputs despite executing actions.
Resolve mutations for :compileJava (Thread[#416,Execution worker,5,main]) started.
:compileJava (Thread[#416,Execution worker,5,main]) started.

> Task :compileJava
Caching disabled for task ':compileJava' because:
  Build cache is disabled
Task ':compileJava' is not up-to-date because:
  Output property 'destinationDirectory' file /Users/testvagrant/Documents/ReqRes/build/classes/java/main has been removed.
  Output property 'destinationDirectory' file /Users/testvagrant/Documents/ReqRes/build/classes/java/main/org has been removed.
  Output property 'destinationDirectory' file /Users/testvagrant/Documents/ReqRes/build/classes/java/main/org/app has been removed.
  Output property 'options.generatedSourceOutputDirectory' file /Users/testvagrant/Documents/ReqRes/build/generated/sources/annotationProcessor/java/main has been removed.
The input changes require a full rebuild for incremental task ':compileJava'.
Full recompilation is required because no incremental change information is available. This is usually caused by clean builds or changing compiler arguments.
Compiling with toolchain '/Library/Java/JavaVirtualMachines/temurin-24.jdk/Contents/Home'.
Compiling with JDK Java compiler API.
Class dependency analysis for incremental compilation took 0.0 secs.
Created classpath snapshot for incremental compilation in 0.0 secs.
Resolve mutations for :processResources (Thread[#416,Execution worker,5,main]) started.
:processResources (Thread[#415,included builds,5,main]) started.

> Task :processResources NO-SOURCE
Skipping task ':processResources' as it has no source files and no previous output files.
Resolve mutations for :classes (Thread[#416,Execution worker,5,main]) started.
:classes (Thread[#416,Execution worker,5,main]) started.

> Task :classes
Skipping task ':classes' as it has no actions.
Resolve mutations for :compileTestJava (Thread[#416,Execution worker,5,main]) started.
:compileTestJava (Thread[#416,Execution worker,5,main]) started.

> Task :compileTestJava
Caching disabled for task ':compileTestJava' because:
  Build cache is disabled
Task ':compileTestJava' is not up-to-date because:
  Output property 'destinationDirectory' file /Users/testvagrant/Documents/ReqRes/build/classes/java/test has been removed.
  Output property 'destinationDirectory' file /Users/testvagrant/Documents/ReqRes/build/classes/java/test/org has been removed.
  Output property 'destinationDirectory' file /Users/testvagrant/Documents/ReqRes/build/classes/java/test/org/app has been removed.
  Output property 'options.generatedSourceOutputDirectory' file /Users/testvagrant/Documents/ReqRes/build/generated/sources/annotationProcessor/java/test has been removed.
The input changes require a full rebuild for incremental task ':compileTestJava'.
Full recompilation is required because no incremental change information is available. This is usually caused by clean builds or changing compiler arguments.
Compiling with toolchain '/Library/Java/JavaVirtualMachines/temurin-24.jdk/Contents/Home'.
Compiling with JDK Java compiler API.
Class dependency analysis for incremental compilation took 0.001 secs.
Created classpath snapshot for incremental compilation in 0.002 secs.
Resolve mutations for :processTestResources (Thread[#416,Execution worker,5,main]) started.
:processTestResources (Thread[#416,Execution worker,5,main]) started.

> Task :processTestResources NO-SOURCE
Skipping task ':processTestResources' as it has no source files and no previous output files.
Resolve mutations for :testClasses (Thread[#416,Execution worker,5,main]) started.
:testClasses (Thread[#416,Execution worker,5,main]) started.

> Task :testClasses
Skipping task ':testClasses' as it has no actions.
Resolve mutations for :test (Thread[#416,Execution worker,5,main]) started.
:test (Thread[#416,Execution worker,5,main]) started.
Gradle Test Executor 8 started executing tests.

> Task :test
Caching disabled for task ':test' because:
  Build cache is disabled
Task ':test' is not up-to-date because:
  Task has failed previously.
Starting process 'Gradle Test Executor 8'. Working directory: /Users/testvagrant/Documents/ReqRes Command: /Library/Java/JavaVirtualMachines/temurin-24.jdk/Contents/Home/bin/java -Dorg.gradle.internal.worker.tmpdir=/Users/testvagrant/Documents/ReqRes/build/tmp/test/work @/Users/testvagrant/.gradle/.tmp/gradle-worker-classpath7966722871032594530txt -Xmx512m -Dfile.encoding=UTF-8 -Duser.country=US -Duser.language=en -Duser.variant -ea worker.org.gradle.process.internal.worker.GradleWorkerMain 'Gradle Test Executor 8'
Successfully started process 'Gradle Test Executor 8'

LoginTest > shouldLoginSuccessfully() STANDARD_OUT
    Started test
    I'm invoked brotha
    Building defaultSpec...
    Filter execution started for request: https://reqres.in/api/login
    Received 403. Retrying attempt 1 after 1000ms delay...
    ==âŒ Test Failed==

Gradle Test Executor 8 finished executing tests.

> Task :test FAILED

LoginTest > shouldLoginSuccessfully() FAILED
    java.lang.NullPointerException: Cannot invoke "io.restassured.response.Response.getStatusCode()" because "response" is null
        at org.app.libs.RetryOn5xxRes.filter(RetryOn5xxRes.java:29)
        at io.restassured.filter.Filter$filter.call(Unknown Source)
        at org.codehaus.groovy.runtime.callsite.CallSiteArray.defaultCall(CallSiteArray.java:45)
        at org.codehaus.groovy.runtime.callsite.AbstractCallSite.call(AbstractCallSite.java:125)
        at org.codehaus.groovy.runtime.callsite.AbstractCallSite.call(AbstractCallSite.java:157)
        at io.restassured.internal.filter.FilterContextImpl.next(FilterContextImpl.groovy:72)
        at io.restassured.filter.FilterContext$next.call(Unknown Source)
        at org.codehaus.groovy.runtime.callsite.CallSiteArray.defaultCall(CallSiteArray.java:45)
        at org.codehaus.groovy.runtime.callsite.AbstractCallSite.call(AbstractCallSite.java:125)
        at org.codehaus.groovy.runtime.callsite.AbstractCallSite.call(AbstractCallSite.java:148)
        at io.restassured.internal.RequestSpecificationImpl.applyPathParamsAndSendRequest(RequestSpecificationImpl.groovy:1704)
        at io.restassured.internal.RequestSpecificationImpl.this$2$applyPathParamsAndSendRequest(RequestSpecificationImpl.groovy)
        at java.base/jdk.internal.reflect.DirectMethodHandleAccessor.invoke(DirectMethodHandleAccessor.java:104)
        at java.base/java.lang.reflect.Method.invoke(Method.java:565)
        at org.codehaus.groovy.reflection.CachedMethod.invoke(CachedMethod.java:343)
        at groovy.lang.MetaMethod.doMethodInvoke(MetaMethod.java:328)
        at groovy.lang.MetaClassImpl.doInvokeMethod(MetaClassImpl.java:1334)
        at groovy.lang.MetaClassImpl.invokeMethod(MetaClassImpl.java:1089)
        at groovy.lang.MetaClassImpl.invokeMethod(MetaClassImpl.java:1008)
        at groovy.lang.MetaClassImpl.invokeMethod(MetaClassImpl.java:791)
        at io.restassured.internal.RequestSpecificationImpl.invokeMethod(RequestSpecificationImpl.groovy)
        at org.codehaus.groovy.runtime.callsite.PogoInterceptableSite.call(PogoInterceptableSite.java:46)
        at org.codehaus.groovy.runtime.callsite.PogoInterceptableSite.callCurrent(PogoInterceptableSite.java:57)
        at org.codehaus.groovy.runtime.callsite.CallSiteArray.defaultCallCurrent(CallSiteArray.java:49)
        at org.codehaus.groovy.runtime.callsite.AbstractCallSite.callCurrent(AbstractCallSite.java:171)
        at org.codehaus.groovy.runtime.callsite.AbstractCallSite.callCurrent(AbstractCallSite.java:203)
        at io.restassured.internal.RequestSpecificationImpl.applyPathParamsAndSendRequest(RequestSpecificationImpl.groovy:1710)
        at io.restassured.internal.RequestSpecificationImpl.this$2$applyPathParamsAndSendRequest(RequestSpecificationImpl.groovy)
        at java.base/jdk.internal.reflect.DirectMethodHandleAccessor.invoke(DirectMethodHandleAccessor.java:104)
        at java.base/java.lang.reflect.Method.invoke(Method.java:565)
        at org.codehaus.groovy.reflection.CachedMethod.invoke(CachedMethod.java:343)
        at groovy.lang.MetaMethod.doMethodInvoke(MetaMethod.java:328)
        at groovy.lang.MetaClassImpl.doInvokeMethod(MetaClassImpl.java:1334)
        at groovy.lang.MetaClassImpl.invokeMethod(MetaClassImpl.java:1089)
        at groovy.lang.MetaClassImpl.invokeMethod(MetaClassImpl.java:1008)
        at groovy.lang.MetaClassImpl.invokeMethod(MetaClassImpl.java:791)
        at io.restassured.internal.RequestSpecificationImpl.invokeMethod(RequestSpecificationImpl.groovy)
        at org.codehaus.groovy.runtime.callsite.PogoInterceptableSite.call(PogoInterceptableSite.java:46)
        at org.codehaus.groovy.runtime.callsite.PogoInterceptableSite.callCurrent(PogoInterceptableSite.java:57)
        at org.codehaus.groovy.runtime.callsite.CallSiteArray.defaultCallCurrent(CallSiteArray.java:49)
        at org.codehaus.groovy.runtime.callsite.AbstractCallSite.callCurrent(AbstractCallSite.java:171)
        at org.codehaus.groovy.runtime.callsite.AbstractCallSite.callCurrent(AbstractCallSite.java:203)
        at io.restassured.internal.RequestSpecificationImpl.post(RequestSpecificationImpl.groovy:176)
        at io.restassured.internal.RequestSpecificationImpl.post(RequestSpecificationImpl.groovy)
        at org.app.client.LoginApiClient.login(LoginApiClient.java:18)
        at org.app.LoginTest.shouldLoginSuccessfully(LoginTest.java:27)

1 test completed, 1 failed
Finished generating test XML results (0.001 secs) into: /Users/testvagrant/Documents/ReqRes/build/test-results/test
Generating HTML test report...
Finished generating test html results (0.003 secs) into: /Users/testvagrant/Documents/ReqRes/build/reports/tests/test

FAILURE: Build failed with an exception.

* What went wrong:
Execution failed for task ':test'.
> There were failing tests. See the report at: file:///Users/testvagrant/Documents/ReqRes/build/reports/tests/test/index.html

* Try:
> Run with --scan to get full insights.

Deprecated Gradle features were used in this build, making it incompatible with Gradle 9.0.

You can use '--warning-mode all' to show the individual deprecation warnings and determine if they come from your own scripts or plugins.

For more on this, please refer to https://docs.gradle.org/8.8/userguide/command_line_interface.html#sec:command_line_warnings in the Gradle documentation.

BUILD FAILED in 3s
4 actionable tasks: 4 executed
Watched directory hierarchies: [/Users/testvagrant/Documents/ReqRes]
